JUnit version 4.12
.E
Time: 0,004
There was 1 failure:
1) initializationError(org.junit.runner.JUnitCommandLineParseResult)
java.lang.IllegalArgumentException: Could not find class [com.testsuite.TestSuite]
	at org.junit.runner.JUnitCommandLineParseResult.parseParameters(JUnitCommandLineParseResult.java:102)
	at org.junit.runner.JUnitCommandLineParseResult.parseArgs(JUnitCommandLineParseResult.java:50)
	at org.junit.runner.JUnitCommandLineParseResult.parse(JUnitCommandLineParseResult.java:44)
	at org.junit.runner.JUnitCore.runMain(JUnitCore.java:72)
	at org.junit.runner.JUnitCore.main(JUnitCore.java:36)
Caused by: java.lang.ClassNotFoundException: com.testsuite.TestSuite
	at java.net.URLClassLoader.findClass(Unknown Source)
	at java.lang.ClassLoader.loadClass(Unknown Source)
	at sun.misc.Launcher$AppClassLoader.loadClass(Unknown Source)
	at java.lang.ClassLoader.loadClass(Unknown Source)
	at java.lang.Class.forName0(Native Method)
	at java.lang.Class.forName(Unknown Source)
	at org.junit.internal.Classes.getClass(Classes.java:16)
	at org.junit.runner.JUnitCommandLineParseResult.parseParameters(JUnitCommandLineParseResult.java:100)
	... 4 more

FAILURES!!!
Tests run: 1,  Failures: 1

